# JRE version: OpenJDK Runtime Environment (17.0.10) (build 17.0.10+0--11572160)
# Java VM: OpenJDK 64-Bit Server VM (17.0.10+0--11572160, mixed mode, tiered, compressed oops, compressed class ptrs, g1 gc, windows-amd64)
GC Precious Log:
 CPUs: 4 total, 4 available
 Memory: 3838M
 Large Page Support: Disabled
 NUMA Support: Disabled
 Compressed Oops: Enabled (32-bit)
 Heap Region Size: 1M
 Heap Min Capacity: 8M
 Heap Initial Capacity: 60M
 Heap Max Capacity: 960M
 Pre-touch: Disabled
 Parallel Workers: 4
 Concurrent Workers: 1
 Concurrent Refinement Workers: 4
 Periodic GC: Disabled
Heap:
 garbage-first heap   total 96256K, used 59276K [0x00000000c4000000, 0x0000000100000000)
  region size 1024K, 3 young (3072K), 3 survivors (3072K)
 Metaspace       used 70600K, committed 70976K, reserved 1114112K
  class space    used 8064K, committed 8256K, reserved 1048576K
GC Heap History (20 events):
Event: 21.208 GC heap after
{Heap after GC invocations=16 (full 0):
 garbage-first heap   total 77824K, used 39936K [0x00000000c4000000, 0x0000000100000000)
  region size 1024K, 4 young (4096K), 4 survivors (4096K)
 Metaspace       used 53987K, committed 54208K, reserved 1114112K
  class space    used 6376K, committed 6464K, reserved 1048576K
}
Event: 23.823 GC heap before
{Heap before GC invocations=16 (full 0):
 garbage-first heap   total 77824K, used 60416K [0x00000000c4000000, 0x0000000100000000)
  region size 1024K, 24 young (24576K), 4 survivors (4096K)
 Metaspace       used 55785K, committed 56000K, reserved 1114112K
  class space    used 6515K, committed 6592K, reserved 1048576K
}
Event: 23.854 GC heap after
{Heap after GC invocations=17 (full 0):
 garbage-first heap   total 77824K, used 42722K [0x00000000c4000000, 0x0000000100000000)
  region size 1024K, 3 young (3072K), 3 survivors (3072K)
 Metaspace       used 55785K, committed 56000K, reserved 1114112K
  class space    used 6515K, committed 6592K, reserved 1048576K
}
Event: 25.127 GC heap before
{Heap before GC invocations=18 (full 0):
 garbage-first heap   total 77824K, used 61154K [0x00000000c4000000, 0x0000000100000000)
  region size 1024K, 21 young (21504K), 3 survivors (3072K)
 Metaspace       used 56698K, committed 56896K, reserved 1114112K
  class space    used 6589K, committed 6656K, reserved 1048576K
}
Event: 25.149 GC heap after
{Heap after GC invocations=19 (full 0):
 garbage-first heap   total 77824K, used 45674K [0x00000000c4000000, 0x0000000100000000)
  region size 1024K, 3 young (3072K), 3 survivors (3072K)
 Metaspace       used 56698K, committed 56896K, reserved 1114112K
  class space    used 6589K, committed 6656K, reserved 1048576K
}
Event: 25.252 GC heap before
{Heap before GC invocations=19 (full 0):
 garbage-first heap   total 77824K, used 46698K [0x00000000c4000000, 0x0000000100000000)
  region size 1024K, 4 young (4096K), 3 survivors (3072K)
 Metaspace       used 56765K, committed 56960K, reserved 1114112K
  class space    used 6592K, committed 6656K, reserved 1048576K
}
Event: 25.272 GC heap after
{Heap after GC invocations=20 (full 0):
 garbage-first heap   total 94208K, used 45376K [0x00000000c4000000, 0x0000000100000000)
  region size 1024K, 1 young (1024K), 1 survivors (1024K)
 Metaspace       used 56765K, committed 56960K, reserved 1114112K
  class space    used 6592K, committed 6656K, reserved 1048576K
}
Event: 27.344 GC heap before
{Heap before GC invocations=20 (full 0):
 garbage-first heap   total 94208K, used 72000K [0x00000000c4000000, 0x0000000100000000)
  region size 1024K, 27 young (27648K), 1 survivors (1024K)
 Metaspace       used 58351K, committed 58624K, reserved 1114112K
  class space    used 6741K, committed 6848K, reserved 1048576K
}
Event: 27.366 GC heap after
{Heap after GC invocations=21 (full 0):
 garbage-first heap   total 94208K, used 48857K [0x00000000c4000000, 0x0000000100000000)
  region size 1024K, 4 young (4096K), 4 survivors (4096K)
 Metaspace       used 58351K, committed 58624K, reserved 1114112K
  class space    used 6741K, committed 6848K, reserved 1048576K
}
Event: 29.549 GC heap before
{Heap before GC invocations=22 (full 0):
 garbage-first heap   total 94208K, used 72409K [0x00000000c4000000, 0x0000000100000000)
  region size 1024K, 28 young (28672K), 4 survivors (4096K)
 Metaspace       used 63254K, committed 63488K, reserved 1114112K
  class space    used 7238K, committed 7360K, reserved 1048576K
}
Event: 29.576 GC heap after
{Heap after GC invocations=23 (full 0):
 garbage-first heap   total 94208K, used 50699K [0x00000000c4000000, 0x0000000100000000)
  region size 1024K, 2 young (2048K), 2 survivors (2048K)
 Metaspace       used 63254K, committed 63488K, reserved 1114112K
  class space    used 7238K, committed 7360K, reserved 1048576K
}
Event: 29.713 GC heap before
{Heap before GC invocations=23 (full 0):
 garbage-first heap   total 94208K, used 51723K [0x00000000c4000000, 0x0000000100000000)
  region size 1024K, 4 young (4096K), 2 survivors (2048K)
 Metaspace       used 63735K, committed 64000K, reserved 1114112K
  class space    used 7286K, committed 7424K, reserved 1048576K
}
Event: 29.728 GC heap after
{Heap after GC invocations=24 (full 0):
 garbage-first heap   total 94208K, used 50911K [0x00000000c4000000, 0x0000000100000000)
  region size 1024K, 1 young (1024K), 1 survivors (1024K)
 Metaspace       used 63735K, committed 64000K, reserved 1114112K
  class space    used 7286K, committed 7424K, reserved 1048576K
}
Event: 32.236 GC heap before
{Heap before GC invocations=24 (full 0):
 garbage-first heap   total 94208K, used 72415K [0x00000000c4000000, 0x0000000100000000)
  region size 1024K, 23 young (23552K), 1 survivors (1024K)
 Metaspace       used 67266K, committed 67584K, reserved 1114112K
  class space    used 7668K, committed 7808K, reserved 1048576K
}
Event: 32.258 GC heap after
{Heap after GC invocations=25 (full 0):
 garbage-first heap   total 94208K, used 53120K [0x00000000c4000000, 0x0000000100000000)
  region size 1024K, 3 young (3072K), 3 survivors (3072K)
 Metaspace       used 67266K, committed 67584K, reserved 1114112K
  class space    used 7668K, committed 7808K, reserved 1048576K
}
Event: 34.123 GC heap before
{Heap before GC invocations=26 (full 0):
 garbage-first heap   total 96256K, used 74624K [0x00000000c4000000, 0x0000000100000000)
  region size 1024K, 24 young (24576K), 3 survivors (3072K)
 Metaspace       used 68344K, committed 68672K, reserved 1114112K
  class space    used 7790K, committed 7936K, reserved 1048576K
}
Event: 34.157 GC heap after
{Heap after GC invocations=27 (full 0):
 garbage-first heap   total 96256K, used 56824K [0x00000000c4000000, 0x0000000100000000)
  region size 1024K, 3 young (3072K), 3 survivors (3072K)
 Metaspace       used 68344K, committed 68672K, reserved 1114112K
  class space    used 7790K, committed 7936K, reserved 1048576K
}
Event: 34.228 GC heap before
{Heap before GC invocations=27 (full 0):
 garbage-first heap   total 96256K, used 57848K [0x00000000c4000000, 0x0000000100000000)
  region size 1024K, 4 young (4096K), 3 survivors (3072K)
 Metaspace       used 68356K, committed 68672K, reserved 1114112K
  class space    used 7790K, committed 7936K, reserved 1048576K
}
Event: 34.251 GC heap after
{Heap after GC invocations=28 (full 0):
 garbage-first heap   total 96256K, used 57397K [0x00000000c4000000, 0x0000000100000000)
  region size 1024K, 1 young (1024K), 1 survivors (1024K)
 Metaspace       used 68356K, committed 68672K, reserved 1114112K
  class space    used 7790K, committed 7936K, reserved 1048576K
}
Event: 35.774 GC heap before
{Heap before GC invocations=28 (full 0):
 garbage-first heap   total 96256K, used 76853K [0x00000000c4000000, 0x0000000100000000)
  region size 1024K, 20 young (20480K), 1 survivors (1024K)
 Metaspace       used 70600K, committed 70976K, reserved 1114112K
  class space    used 8064K, committed 8256K, reserved 1048576K
}

